cabalry/manifest-merger-debug-report.txt
-- Merging decision tree log ---
manifest
ADDED from AndroidManifest.xml:2:1
	package
		ADDED from AndroidManifest.xml:3:5
		INJECTED from AndroidManifest.xml:0:0
		INJECTED from AndroidManifest.xml:0:0
	android:versionName
		INJECTED from AndroidManifest.xml:0:0
		INJECTED from AndroidManifest.xml:0:0
	xmlns:android
		ADDED from AndroidManifest.xml:2:11
	android:versionCode
		INJECTED from AndroidManifest.xml:0:0
		INJECTED from AndroidManifest.xml:0:0
uses-sdk
ADDED from AndroidManifest.xml:5:5
MERGED from com.android.support:appcompat-v7:21.0.3:15:5
MERGED from com.android.support:support-v4:21.0.3:15:5
MERGED from com.google.android.gms:play-services:6.5.87:18:5
MERGED from com.android.support:support-v4:21.0.3:15:5
	android:targetSdkVersion
		INJECTED from AndroidManifest.xml:0:0
		INJECTED from AndroidManifest.xml:0:0
	android:minSdkVersion
		ADDED from AndroidManifest.xml:5:15
		INJECTED from AndroidManifest.xml:0:0
		INJECTED from AndroidManifest.xml:0:0
uses-permission#android.permission.INTERNET
ADDED from AndroidManifest.xml:7:5
	android:name
		ADDED from AndroidManifest.xml:7:22
uses-permission#android.permission.ACCESS_WIFI_STATE
ADDED from AndroidManifest.xml:8:5
	android:name
		ADDED from AndroidManifest.xml:8:22
uses-permission#android.permission.ACCESS_NETWORK_STATE
ADDED from AndroidManifest.xml:9:5
	android:name
		ADDED from AndroidManifest.xml:9:22
uses-permission#android.permission.WRITE_EXTERNAL_STORAGE
ADDED from AndroidManifest.xml:10:5
	android:name
		ADDED from AndroidManifest.xml:10:22
uses-permission#android.permission.ACCESS_COARSE_LOCATION
ADDED from AndroidManifest.xml:11:5
	android:name
		ADDED from AndroidManifest.xml:11:22
uses-permission#android.permission.ACCESS_FINE_LOCATION
ADDED from AndroidManifest.xml:12:5
	android:name
		ADDED from AndroidManifest.xml:12:22
uses-permission#android.permission.RECORD_AUDIO
ADDED from AndroidManifest.xml:13:5
	android:name
		ADDED from AndroidManifest.xml:13:22
uses-permission#android.permission.RECEIVE_BOOT_COMPLETED
ADDED from AndroidManifest.xml:14:5
	android:name
		ADDED from AndroidManifest.xml:14:22
uses-permission#android.permission.READ_PHONE_STATE
ADDED from AndroidManifest.xml:15:5
	android:name
		ADDED from AndroidManifest.xml:15:22
uses-permission#android.permission.GET_ACCOUNTS
ADDED from AndroidManifest.xml:16:5
	android:name
		ADDED from AndroidManifest.xml:16:22
uses-permission#android.permission.WAKE_LOCK
ADDED from AndroidManifest.xml:17:5
	android:name
		ADDED from AndroidManifest.xml:17:22
uses-permission#android.permission.VIBRATE
ADDED from AndroidManifest.xml:18:5
	android:name
		ADDED from AndroidManifest.xml:18:22
uses-permission#com.google.android.c2dm.permission.RECEIVE
ADDED from AndroidManifest.xml:20:5
	android:name
		ADDED from AndroidManifest.xml:20:22
uses-permission#com.google.android.providers.gsf.permission.READ_GSERVICES
ADDED from AndroidManifest.xml:21:5
	android:name
		ADDED from AndroidManifest.xml:21:22
permission#com.cabalry.gcm.permission.C2D_MESSAGE
ADDED from AndroidManifest.xml:23:5
	android:protectionLevel
		ADDED from AndroidManifest.xml:24:17
	android:name
		ADDED from AndroidManifest.xml:23:17
uses-permission#com.cabalry.gcm.permission.C2D_MESSAGE
ADDED from AndroidManifest.xml:25:5
	android:name
		ADDED from AndroidManifest.xml:25:22
application
ADDED from AndroidManifest.xml:28:5
MERGED from com.android.support:appcompat-v7:21.0.3:16:5
MERGED from com.android.support:support-v4:21.0.3:16:5
MERGED from com.google.android.gms:play-services:6.5.87:20:5
MERGED from com.android.support:support-v4:21.0.3:16:5
	android:screenOrientation
		ADDED from AndroidManifest.xml:32:9
	android:label
		ADDED from AndroidManifest.xml:31:9
	android:allowBackup
		ADDED from AndroidManifest.xml:29:9
	android:icon
		ADDED from AndroidManifest.xml:30:9
	android:theme
		ADDED from AndroidManifest.xml:33:9
meta-data#com.google.android.gms.version
ADDED from AndroidManifest.xml:34:9
MERGED from com.google.android.gms:play-services:6.5.87:21:9
	android:value
		ADDED from AndroidManifest.xml:36:13
	android:name
		ADDED from AndroidManifest.xml:35:13
meta-data#com.google.android.maps.v2.API_KEY
ADDED from AndroidManifest.xml:37:9
	android:value
		ADDED from AndroidManifest.xml:39:13
	android:name
		ADDED from AndroidManifest.xml:38:13
activity#com.cabalry.activity.CabalryActivity
ADDED from AndroidManifest.xml:41:9
	android:label
		ADDED from AndroidManifest.xml:43:13
	android:name
		ADDED from AndroidManifest.xml:42:13
intent-filter#android.intent.action.MAIN+android.intent.category.LAUNCHER
ADDED from AndroidManifest.xml:44:13
action#android.intent.action.MAIN
ADDED from AndroidManifest.xml:45:17
	android:name
		ADDED from AndroidManifest.xml:45:25
category#android.intent.category.LAUNCHER
ADDED from AndroidManifest.xml:47:17
	android:name
		ADDED from AndroidManifest.xml:47:27
activity#com.cabalry.activity.MapActivity
ADDED from AndroidManifest.xml:51:9
	android:screenOrientation
		ADDED from AndroidManifest.xml:54:13
	android:label
		ADDED from AndroidManifest.xml:53:13
	android:parentActivityName
		ADDED from AndroidManifest.xml:55:13
	android:name
		ADDED from AndroidManifest.xml:52:13
meta-data#android.support.PARENT_ACTIVITY
ADDED from AndroidManifest.xml:56:13
	android:value
		ADDED from AndroidManifest.xml:58:21
	android:name
		ADDED from AndroidManifest.xml:57:21
activity#com.cabalry.activity.AlarmActivity
ADDED from AndroidManifest.xml:61:9
	android:screenOrientation
		ADDED from AndroidManifest.xml:64:17
	android:label
		ADDED from AndroidManifest.xml:63:17
	android:name
		ADDED from AndroidManifest.xml:62:17
activity#com.cabalry.activity.TimerCheckActivity
ADDED from AndroidManifest.xml:67:9
	android:screenOrientation
		ADDED from AndroidManifest.xml:69:17
	android:theme
		ADDED from AndroidManifest.xml:70:17
	android:name
		ADDED from AndroidManifest.xml:68:17
activity#com.cabalry.activity.LoginActivity
ADDED from AndroidManifest.xml:73:9
	android:screenOrientation
		ADDED from AndroidManifest.xml:76:13
	android:label
		ADDED from AndroidManifest.xml:75:13
	android:windowSoftInputMode
		ADDED from AndroidManifest.xml:78:13
	android:theme
		ADDED from AndroidManifest.xml:77:13
	android:name
		ADDED from AndroidManifest.xml:74:13
activity#com.cabalry.activity.HomeActivity
ADDED from AndroidManifest.xml:81:9
	android:screenOrientation
		ADDED from AndroidManifest.xml:83:13
	android:label
		ADDED from AndroidManifest.xml:84:13
	android:name
		ADDED from AndroidManifest.xml:82:13
activity#com.cabalry.activity.UserInfoActivity
ADDED from AndroidManifest.xml:87:9
	android:screenOrientation
		ADDED from AndroidManifest.xml:90:17
	android:label
		ADDED from AndroidManifest.xml:89:17
	android:name
		ADDED from AndroidManifest.xml:88:17
activity#com.cabalry.activity.ProfileActivity
ADDED from AndroidManifest.xml:93:9
	android:screenOrientation
		ADDED from AndroidManifest.xml:96:13
	android:label
		ADDED from AndroidManifest.xml:95:13
	android:parentActivityName
		ADDED from AndroidManifest.xml:97:13
	android:name
		ADDED from AndroidManifest.xml:94:13
activity#com.cabalry.activity.RecordingsActivity
ADDED from AndroidManifest.xml:103:9
	android:screenOrientation
		ADDED from AndroidManifest.xml:106:13
	android:label
		ADDED from AndroidManifest.xml:105:13
	android:parentActivityName
		ADDED from AndroidManifest.xml:107:13
	android:name
		ADDED from AndroidManifest.xml:104:13
activity#com.cabalry.activity.SettingsActivity
ADDED from AndroidManifest.xml:113:9
	android:screenOrientation
		ADDED from AndroidManifest.xml:116:13
	android:label
		ADDED from AndroidManifest.xml:115:13
	android:parentActivityName
		ADDED from AndroidManifest.xml:117:13
	android:name
		ADDED from AndroidManifest.xml:114:13
activity#com.cabalry.activity.BillingActivity
ADDED from AndroidManifest.xml:123:9
	android:screenOrientation
		ADDED from AndroidManifest.xml:126:17
	android:label
		ADDED from AndroidManifest.xml:125:17
	android:parentActivityName
		ADDED from AndroidManifest.xml:127:17
	android:name
		ADDED from AndroidManifest.xml:124:17
activity#com.cabalry.activity.RegisterActivity
ADDED from AndroidManifest.xml:133:9
	android:screenOrientation
		ADDED from AndroidManifest.xml:136:17
	android:label
		ADDED from AndroidManifest.xml:135:17
	android:parentActivityName
		ADDED from AndroidManifest.xml:137:17
	android:name
		ADDED from AndroidManifest.xml:134:17
activity#com.cabalry.activity.ForgotActivity
ADDED from AndroidManifest.xml:143:9
	android:screenOrientation
		ADDED from AndroidManifest.xml:146:17
	android:label
		ADDED from AndroidManifest.xml:145:17
	android:parentActivityName
		ADDED from AndroidManifest.xml:147:17
	android:name
		ADDED from AndroidManifest.xml:144:17
receiver#com.cabalry.service.GCMBroadcastReceiver
ADDED from AndroidManifest.xml:153:9
	android:permission
		ADDED from AndroidManifest.xml:155:17
	android:name
		ADDED from AndroidManifest.xml:154:17
intent-filter#com.cabalry+com.google.android.c2dm.intent.RECEIVE+com.google.android.c2dm.intent.REGISTRATION
ADDED from AndroidManifest.xml:156:13
action#com.google.android.c2dm.intent.RECEIVE
ADDED from AndroidManifest.xml:157:17
	android:name
		ADDED from AndroidManifest.xml:157:25
action#com.google.android.c2dm.intent.REGISTRATION
ADDED from AndroidManifest.xml:158:17
	android:name
		ADDED from AndroidManifest.xml:158:25
category#com.cabalry
ADDED from AndroidManifest.xml:159:17
	android:name
		ADDED from AndroidManifest.xml:159:27
receiver#com.cabalry.service.SilentAlarmReceiver
ADDED from AndroidManifest.xml:163:9
	android:name
		ADDED from AndroidManifest.xml:164:17
intent-filter#android.media.VOLUME_CHANGED_ACTION
ADDED from AndroidManifest.xml:165:13
action#android.media.VOLUME_CHANGED_ACTION
ADDED from AndroidManifest.xml:166:17
	android:name
		ADDED from AndroidManifest.xml:166:25
receiver#com.cabalry.service.NetworkStateReceiver
ADDED from AndroidManifest.xml:170:9
	android:name
		ADDED from AndroidManifest.xml:171:17
intent-filter#android.net.conn.CONNECTIVITY_CHANGE
ADDED from AndroidManifest.xml:172:13
action#android.net.conn.CONNECTIVITY_CHANGE
ADDED from AndroidManifest.xml:173:17
	android:name
		ADDED from AndroidManifest.xml:173:25
action#android.net.wifi.WIFI_STATE_CHANGED
ADDED from AndroidManifest.xml:174:21
	android:name
		ADDED from AndroidManifest.xml:174:29
service#com.cabalry.service.GCMIntentService
ADDED from AndroidManifest.xml:179:9
	android:exported
		ADDED from AndroidManifest.xml:180:17
	android:name
		ADDED from AndroidManifest.xml:179:18
service#com.cabalry.service.LocationTracerService
ADDED from AndroidManifest.xml:183:9
	android:exported
		ADDED from AndroidManifest.xml:184:18
	android:name
		ADDED from AndroidManifest.xml:183:18
service#com.cabalry.service.AudioStreamService
ADDED from AndroidManifest.xml:186:9
	android:exported
		ADDED from AndroidManifest.xml:187:18
	android:name
		ADDED from AndroidManifest.xml:186:18
service#com.cabalry.service.AudioPlaybackService
ADDED from AndroidManifest.xml:189:9
	android:exported
		ADDED from AndroidManifest.xml:190:18
	android:name
		ADDED from AndroidManifest.xml:189:18
service#com.cabalry.service.AlarmTimerService
ADDED from AndroidManifest.xml:192:9
	android:exported
		ADDED from AndroidManifest.xml:193:18
	android:name
		ADDED from AndroidManifest.xml:192:18
service#com.cabalry.service.AlarmService
ADDED from AndroidManifest.xml:195:9
	android:exported
		ADDED from AndroidManifest.xml:196:18
	android:name
		ADDED from AndroidManifest.xml:195:18
service#com.cabalry.service.SilentAlarmService
ADDED from AndroidManifest.xml:198:9
	android:exported
		ADDED from AndroidManifest.xml:199:18
	android:name
		ADDED from AndroidManifest.xml:198:18
service#com.cabalry.service.AlarmSoundService
ADDED from AndroidManifest.xml:201:9
	android:exported
		ADDED from AndroidManifest.xml:202:18
	android:name
		ADDED from AndroidManifest.xml:201:18